Listening on 127.0.0.1:3000...
Error: connect ECONNREFUSED 127.0.0.1:3406
[90m    at TCPConnectWrap.afterConnect [as oncomplete] (net.js:1138:16)[39m
    --------------------
    at Protocol._enqueue (/home/bizjaktomaz/Desktop/Development/RPO_Web/src/node_modules/[4mmysql[24m/lib/protocol/Protocol.js:144:48)
    at Protocol.handshake (/home/bizjaktomaz/Desktop/Development/RPO_Web/src/node_modules/[4mmysql[24m/lib/protocol/Protocol.js:51:23)
    at Connection.connect (/home/bizjaktomaz/Desktop/Development/RPO_Web/src/node_modules/[4mmysql[24m/lib/Connection.js:116:18)
    at Connection._implyConnect (/home/bizjaktomaz/Desktop/Development/RPO_Web/src/node_modules/[4mmysql[24m/lib/Connection.js:454:10)
    at Connection.query (/home/bizjaktomaz/Desktop/Development/RPO_Web/src/node_modules/[4mmysql[24m/lib/Connection.js:196:8)
[90m    at internal/util.js:297:30[39m
    at new Promise (<anonymous>)
[90m    at Connection.query (internal/util.js:296:12)[39m
    at Object.getAllCountries (/home/bizjaktomaz/Desktop/Development/RPO_Web/src/modules/db.js:35:26)
    at async /home/bizjaktomaz/Desktop/Development/RPO_Web/src/index.js:40:25 {
  errno: [32m'ECONNREFUSED'[39m,
  code: [32m'ECONNREFUSED'[39m,
  syscall: [32m'connect'[39m,
  address: [32m'127.0.0.1'[39m,
  port: [33m3406[39m,
  fatal: [33mtrue[39m
}
[["0",{"ID":1,"name":"Slovenia","calling_code":"+386","alpha3_code":"SVN","active":1}],["1",{"ID":2,"name":"Croatia","calling_code":"+385","alpha3_code":"CRO","active":1}],["2",{"ID":3,"name":"Italy","calling_code":"+39","alpha3_code":"ITA","active":1}],["3",{"ID":4,"name":"Hungary","calling_code":"+36","alpha3_code":"HUN","active":1}],["4",{"ID":5,"name":"Austria","calling_code":"+43","alpha3_code":"AUT","active":1}],["5",{"ID":6,"name":"Czech Republic","calling_code":"+420","alpha3_code":"CZE","active":1}],["6",{"ID":7,"name":"Poland","calling_code":"+48","alpha3_code":"POL","active":1}],["7",{"ID":8,"name":"Germany","calling_code":"+49","alpha3_code":"DEU","active":1}],["8",{"ID":9,"name":"Serbia","calling_code":"+381","alpha3_code":"SRB","active":1}],["9",{"ID":10,"name":"Switzerland","calling_code":"+41","alpha3_code":"CHE","active":1}]]
